Determining if the pthread_create exist failed with the following output:
Change Dir: /home/pepper/r2dtu_original/cmake-build-debug/CMakeFiles/CMakeTmp

Run Build Command(s):/usr/bin/make cmTC_c4c2c/fast 
/usr/bin/make -f CMakeFiles/cmTC_c4c2c.dir/build.make CMakeFiles/cmTC_c4c2c.dir/build
make[1]: Entering directory '/home/pepper/r2dtu_original/cmake-build-debug/CMakeFiles/CMakeTmp'
Building C object CMakeFiles/cmTC_c4c2c.dir/CheckSymbolExists.c.o
/usr/bin/cc    -o CMakeFiles/cmTC_c4c2c.dir/CheckSymbolExists.c.o   -c /home/pepper/r2dtu_original/cmake-build-debug/CMakeFiles/CMakeTmp/CheckSymbolExists.c
Linking C executable cmTC_c4c2c
/home/s154250/clion-2019.2.1/bin/cmake/linux/bin/cmake -E cmake_link_script CMakeFiles/cmTC_c4c2c.dir/link.txt --verbose=1
/usr/bin/cc      CMakeFiles/cmTC_c4c2c.dir/CheckSymbolExists.c.o  -o cmTC_c4c2c 
CMakeFiles/cmTC_c4c2c.dir/CheckSymbolExists.c.o: In function `main':
CheckSymbolExists.c:(.text+0x1b): undefined reference to `pthread_create'
collect2: error: ld returned 1 exit status
CMakeFiles/cmTC_c4c2c.dir/build.make:86: recipe for target 'cmTC_c4c2c' failed
make[1]: *** [cmTC_c4c2c] Error 1
make[1]: Leaving directory '/home/pepper/r2dtu_original/cmake-build-debug/CMakeFiles/CMakeTmp'
Makefile:121: recipe for target 'cmTC_c4c2c/fast' failed
make: *** [cmTC_c4c2c/fast] Error 2

File /home/pepper/r2dtu_original/cmake-build-debug/CMakeFiles/CMakeTmp/CheckSymbolExists.c:
/* */
#include <pthread.h>

int main(int argc, char** argv)
{
  (void)argv;
#ifndef pthread_create
  return ((int*)(&pthread_create))[argc];
#else
  (void)argc;
  return 0;
#endif
}

Determining if the function pthread_create exists in the pthreads failed with the following output:
Change Dir: /home/pepper/r2dtu_original/cmake-build-debug/CMakeFiles/CMakeTmp

Run Build Command(s):/usr/bin/make cmTC_5a94a/fast 
/usr/bin/make -f CMakeFiles/cmTC_5a94a.dir/build.make CMakeFiles/cmTC_5a94a.dir/build
make[1]: Entering directory '/home/pepper/r2dtu_original/cmake-build-debug/CMakeFiles/CMakeTmp'
Building C object CMakeFiles/cmTC_5a94a.dir/CheckFunctionExists.c.o
/usr/bin/cc   -DCHECK_FUNCTION_EXISTS=pthread_create   -o CMakeFiles/cmTC_5a94a.dir/CheckFunctionExists.c.o   -c /home/s154250/clion-2019.2.1/bin/cmake/linux/share/cmake-3.14/Modules/CheckFunctionExists.c
Linking C executable cmTC_5a94a
/home/s154250/clion-2019.2.1/bin/cmake/linux/bin/cmake -E cmake_link_script CMakeFiles/cmTC_5a94a.dir/link.txt --verbose=1
/usr/bin/cc  -DCHECK_FUNCTION_EXISTS=pthread_create    CMakeFiles/cmTC_5a94a.dir/CheckFunctionExists.c.o  -o cmTC_5a94a -lpthreads 
/usr/bin/ld: cannot find -lpthreads
collect2: error: ld returned 1 exit status
CMakeFiles/cmTC_5a94a.dir/build.make:86: recipe for target 'cmTC_5a94a' failed
make[1]: *** [cmTC_5a94a] Error 1
make[1]: Leaving directory '/home/pepper/r2dtu_original/cmake-build-debug/CMakeFiles/CMakeTmp'
Makefile:121: recipe for target 'cmTC_5a94a/fast' failed
make: *** [cmTC_5a94a/fast] Error 2


Determining if the function sgesv exists failed with the following output:
Change Dir: /home/pepper/r2dtu_original/cmake-build-debug/CMakeFiles/CMakeTmp

Run Build Command(s):/usr/bin/make cmTC_405c4/fast 
/usr/bin/make -f CMakeFiles/cmTC_405c4.dir/build.make CMakeFiles/cmTC_405c4.dir/build
make[1]: Entering directory '/home/pepper/r2dtu_original/cmake-build-debug/CMakeFiles/CMakeTmp'
Building C object CMakeFiles/cmTC_405c4.dir/CheckFunctionExists.c.o
/usr/bin/cc   -DCHECK_FUNCTION_EXISTS=sgesv -fPIE   -o CMakeFiles/cmTC_405c4.dir/CheckFunctionExists.c.o   -c /home/s154250/clion-2019.2.1/bin/cmake/linux/share/cmake-3.14/Modules/CheckFunctionExists.c
Linking C executable cmTC_405c4
/home/s154250/clion-2019.2.1/bin/cmake/linux/bin/cmake -E cmake_link_script CMakeFiles/cmTC_405c4.dir/link.txt --verbose=1
/usr/bin/cc  -DCHECK_FUNCTION_EXISTS=sgesv    -rdynamic CMakeFiles/cmTC_405c4.dir/CheckFunctionExists.c.o  -o cmTC_405c4 
CMakeFiles/cmTC_405c4.dir/CheckFunctionExists.c.o: In function `main':
CheckFunctionExists.c:(.text+0x10): undefined reference to `sgesv'
collect2: error: ld returned 1 exit status
CMakeFiles/cmTC_405c4.dir/build.make:86: recipe for target 'cmTC_405c4' failed
make[1]: *** [cmTC_405c4] Error 1
make[1]: Leaving directory '/home/pepper/r2dtu_original/cmake-build-debug/CMakeFiles/CMakeTmp'
Makefile:121: recipe for target 'cmTC_405c4/fast' failed
make: *** [cmTC_405c4/fast] Error 2


Determining if the function sgesv_ exists failed with the following output:
Change Dir: /home/pepper/r2dtu_original/cmake-build-debug/CMakeFiles/CMakeTmp

Run Build Command(s):/usr/bin/make cmTC_1d46a/fast 
/usr/bin/make -f CMakeFiles/cmTC_1d46a.dir/build.make CMakeFiles/cmTC_1d46a.dir/build
make[1]: Entering directory '/home/pepper/r2dtu_original/cmake-build-debug/CMakeFiles/CMakeTmp'
Building C object CMakeFiles/cmTC_1d46a.dir/CheckFunctionExists.c.o
/usr/bin/cc   -DCHECK_FUNCTION_EXISTS=sgesv_ -fPIE   -o CMakeFiles/cmTC_1d46a.dir/CheckFunctionExists.c.o   -c /home/s154250/clion-2019.2.1/bin/cmake/linux/share/cmake-3.14/Modules/CheckFunctionExists.c
Linking C executable cmTC_1d46a
/home/s154250/clion-2019.2.1/bin/cmake/linux/bin/cmake -E cmake_link_script CMakeFiles/cmTC_1d46a.dir/link.txt --verbose=1
/usr/bin/cc  -DCHECK_FUNCTION_EXISTS=sgesv_    -rdynamic CMakeFiles/cmTC_1d46a.dir/CheckFunctionExists.c.o  -o cmTC_1d46a 
CMakeFiles/cmTC_1d46a.dir/CheckFunctionExists.c.o: In function `main':
CheckFunctionExists.c:(.text+0x10): undefined reference to `sgesv_'
collect2: error: ld returned 1 exit status
CMakeFiles/cmTC_1d46a.dir/build.make:86: recipe for target 'cmTC_1d46a' failed
make[1]: *** [cmTC_1d46a] Error 1
make[1]: Leaving directory '/home/pepper/r2dtu_original/cmake-build-debug/CMakeFiles/CMakeTmp'
Makefile:121: recipe for target 'cmTC_1d46a/fast' failed
make: *** [cmTC_1d46a/fast] Error 2


